<?xml version="1.0"?>
<!DOCTYPE coverage SYSTEM "http://cobertura.sourceforge.net/xml/coverage-04.dtd">

<coverage line-rate="0.7177914110429447" branch-rate="0.6896551724137931" lines-covered="117" lines-valid="163" branches-covered="40" branches-valid="58" complexity="2.2325581395348837" version="2.0.3" timestamp="1417143405199">
	<sources>
		<source>/home/shevek/java/weaklistener/weaklistener-core/src/main/java</source>
	</sources>
	<packages>
		<package name="org.anarres.weaklistener.core" line-rate="0.8068965517241379" branch-rate="0.7407407407407407" complexity="2.097560975609756">
			<classes>
				<class name="org.anarres.weaklistener.core.WeakListener" filename="org/anarres/weaklistener/core/WeakListener.java" line-rate="1.0" branch-rate="1.0" complexity="2.0">
					<methods>
						<method name="&lt;clinit&gt;" signature="()V" line-rate="1.0" branch-rate="1.0">
							<lines>
								<line number="16" hits="1" branch="false"/>
							</lines>
						</method>
						<method name="&lt;init&gt;" signature="(Ljava/lang/Object;Ljava/lang/Object;)V" line-rate="1.0" branch-rate="1.0">
							<lines>
								<line number="19" hits="8" branch="false"/>
								<line number="20" hits="8" branch="false"/>
								<line number="21" hits="8" branch="false"/>
							</lines>
						</method>
						<method name="getRemoveMethod" signature="(Ljava/lang/Object;)Ljava/lang/reflect/Method;" line-rate="1.0" branch-rate="1.0">
							<lines>
								<line number="44" hits="16" branch="false"/>
								<line number="45" hits="16" branch="false"/>
								<line number="46" hits="16" branch="false"/>
								<line number="49" hits="16" branch="false"/>
								<line number="50" hits="13" branch="false"/>
								<line number="51" hits="13" branch="false"/>
								<line number="52" hits="3" branch="false"/>
								<line number="55" hits="7" branch="true" condition-coverage="100% (2/2)">
									<conditions>
										<condition number="0" type="jump" coverage="100%"/>
									</conditions>
								</line>
								<line number="57" hits="5" branch="false"/>
								<line number="58" hits="1" branch="false"/>
								<line number="59" hits="1" branch="false"/>
								<line number="60" hits="4" branch="false"/>
								<line number="62" hits="4" branch="false"/>
								<line number="65" hits="2" branch="false"/>
								<line number="66" hits="2" branch="false"/>
							</lines>
						</method>
						<method name="getSource" signature="()Ljava/lang/Object;" line-rate="1.0" branch-rate="1.0">
							<lines>
								<line number="28" hits="1" branch="false"/>
							</lines>
						</method>
						<method name="getStrongListener" signature="()Ljava/lang/Object;" line-rate="1.0" branch-rate="1.0">
							<lines>
								<line number="33" hits="18" branch="false"/>
							</lines>
						</method>
						<method name="remove" signature="(Ljava/lang/Object;)V" line-rate="1.0" branch-rate="1.0">
							<lines>
								<line number="70" hits="16" branch="false"/>
								<line number="71" hits="16" branch="true" condition-coverage="100% (2/2)">
									<conditions>
										<condition number="0" type="jump" coverage="100%"/>
									</conditions>
								</line>
								<line number="72" hits="2" branch="false"/>
								<line number="74" hits="14" branch="false"/>
								<line number="75" hits="2" branch="false"/>
								<line number="76" hits="2" branch="false"/>
								<line number="77" hits="12" branch="false"/>
								<line number="78" hits="14" branch="false"/>
							</lines>
						</method>
					</methods>
					<lines>
						<line number="16" hits="1" branch="false"/>
						<line number="19" hits="8" branch="false"/>
						<line number="20" hits="8" branch="false"/>
						<line number="21" hits="8" branch="false"/>
						<line number="28" hits="1" branch="false"/>
						<line number="33" hits="18" branch="false"/>
						<line number="44" hits="16" branch="false"/>
						<line number="45" hits="16" branch="false"/>
						<line number="46" hits="16" branch="false"/>
						<line number="49" hits="16" branch="false"/>
						<line number="50" hits="13" branch="false"/>
						<line number="51" hits="13" branch="false"/>
						<line number="52" hits="3" branch="false"/>
						<line number="55" hits="7" branch="true" condition-coverage="100% (2/2)">
							<conditions>
								<condition number="0" type="jump" coverage="100%"/>
							</conditions>
						</line>
						<line number="57" hits="5" branch="false"/>
						<line number="58" hits="1" branch="false"/>
						<line number="59" hits="1" branch="false"/>
						<line number="60" hits="4" branch="false"/>
						<line number="62" hits="4" branch="false"/>
						<line number="65" hits="2" branch="false"/>
						<line number="66" hits="2" branch="false"/>
						<line number="70" hits="16" branch="false"/>
						<line number="71" hits="16" branch="true" condition-coverage="100% (2/2)">
							<conditions>
								<condition number="0" type="jump" coverage="100%"/>
							</conditions>
						</line>
						<line number="72" hits="2" branch="false"/>
						<line number="74" hits="14" branch="false"/>
						<line number="75" hits="2" branch="false"/>
						<line number="76" hits="2" branch="false"/>
						<line number="77" hits="12" branch="false"/>
						<line number="78" hits="14" branch="false"/>
					</lines>
				</class>
				<class name="org.anarres.weaklistener.core.WeakListenerImpl" filename="org/anarres/weaklistener/core/WeakListenerImpl.java" line-rate="0.8" branch-rate="0.6666666666666666" complexity="2.1578947368421053">
					<methods>
						<method name="&lt;init&gt;" signature="(Ljava/lang/Object;Ljava/lang/Object;)V" line-rate="1.0" branch-rate="1.0">
							<lines>
								<line number="22" hits="8" branch="false"/>
								<line number="23" hits="8" branch="false"/>
							</lines>
						</method>
						<method name="getEventSource" signature="(Ljava/util/EventObject;)Ljava/lang/Object;" line-rate="0.75" branch-rate="0.6666666666666666">
							<lines>
								<line number="26" hits="3" branch="true" condition-coverage="100% (2/2)">
									<conditions>
										<condition number="0" type="jump" coverage="100%"/>
									</conditions>
								</line>
								<line number="27" hits="2" branch="false"/>
								<line number="28" hits="1" branch="false"/>
								<line number="29" hits="1" branch="true" condition-coverage="50% (1/2)">
									<conditions>
										<condition number="0" type="jump" coverage="50%"/>
									</conditions>
								</line>
								<line number="30" hits="0" branch="false"/>
								<line number="31" hits="1" branch="true" condition-coverage="50% (1/2)">
									<conditions>
										<condition number="0" type="jump" coverage="50%"/>
									</conditions>
								</line>
								<line number="32" hits="0" branch="false"/>
								<line number="33" hits="1" branch="false"/>
							</lines>
						</method>
					</methods>
					<lines>
						<line number="22" hits="8" branch="false"/>
						<line number="23" hits="8" branch="false"/>
						<line number="26" hits="3" branch="true" condition-coverage="100% (2/2)">
							<conditions>
								<condition number="0" type="jump" coverage="100%"/>
							</conditions>
						</line>
						<line number="27" hits="2" branch="false"/>
						<line number="28" hits="1" branch="false"/>
						<line number="29" hits="1" branch="true" condition-coverage="50% (1/2)">
							<conditions>
								<condition number="0" type="jump" coverage="50%"/>
							</conditions>
						</line>
						<line number="30" hits="0" branch="false"/>
						<line number="31" hits="1" branch="true" condition-coverage="50% (1/2)">
							<conditions>
								<condition number="0" type="jump" coverage="50%"/>
							</conditions>
						</line>
						<line number="32" hits="0" branch="false"/>
						<line number="33" hits="1" branch="false"/>
					</lines>
				</class>
				<class name="org.anarres.weaklistener.core.WeakListenerImpl$Change" filename="org/anarres/weaklistener/core/WeakListenerImpl.java" line-rate="1.0" branch-rate="1.0" complexity="2.1578947368421053">
					<methods>
						<method name="&lt;init&gt;" signature="(Ljava/lang/Object;Ljavax/swing/event/ChangeListener;)V" line-rate="1.0" branch-rate="1.0">
							<lines>
								<line number="69" hits="5" branch="false"/>
								<line number="70" hits="5" branch="false"/>
							</lines>
						</method>
						<method name="getListenerType" signature="()Ljava/lang/Class;" line-rate="1.0" branch-rate="1.0">
							<lines>
								<line number="74" hits="12" branch="false"/>
							</lines>
						</method>
						<method name="getRemoveMethodName" signature="()Ljava/lang/String;" line-rate="1.0" branch-rate="1.0">
							<lines>
								<line number="84" hits="12" branch="false"/>
							</lines>
						</method>
						<method name="getWeakListener" signature="()Ljava/lang/Object;" line-rate="1.0" branch-rate="1.0">
							<lines>
								<line number="66" hits="22" branch="false"/>
							</lines>
						</method>
						<method name="getWeakListener" signature="()Ljavax/swing/event/ChangeListener;" line-rate="1.0" branch-rate="1.0">
							<lines>
								<line number="79" hits="10" branch="false"/>
							</lines>
						</method>
						<method name="remove" signature="(Ljava/lang/Object;)V" line-rate="1.0" branch-rate="1.0">
							<lines>
							</lines>
						</method>
						<method name="stateChanged" signature="(Ljavax/swing/event/ChangeEvent;)V" line-rate="1.0" branch-rate="1.0">
							<lines>
								<line number="88" hits="12" branch="false"/>
								<line number="89" hits="12" branch="true" condition-coverage="100% (2/2)">
									<conditions>
										<condition number="0" type="jump" coverage="100%"/>
									</conditions>
								</line>
								<line number="90" hits="5" branch="false"/>
								<line number="92" hits="7" branch="false"/>
								<line number="93" hits="12" branch="false"/>
							</lines>
						</method>
					</methods>
					<lines>
						<line number="66" hits="22" branch="false"/>
						<line number="69" hits="5" branch="false"/>
						<line number="70" hits="5" branch="false"/>
						<line number="74" hits="12" branch="false"/>
						<line number="79" hits="10" branch="false"/>
						<line number="84" hits="12" branch="false"/>
						<line number="88" hits="12" branch="false"/>
						<line number="89" hits="12" branch="true" condition-coverage="100% (2/2)">
							<conditions>
								<condition number="0" type="jump" coverage="100%"/>
							</conditions>
						</line>
						<line number="90" hits="5" branch="false"/>
						<line number="92" hits="7" branch="false"/>
						<line number="93" hits="12" branch="false"/>
					</lines>
				</class>
				<class name="org.anarres.weaklistener.core.WeakListenerImpl$PropertyChange" filename="org/anarres/weaklistener/core/WeakListenerImpl.java" line-rate="0.0" branch-rate="0.0" complexity="2.1578947368421053">
					<methods>
						<method name="&lt;init&gt;" signature="(Ljava/lang/Object;Ljava/beans/PropertyChangeListener;)V" line-rate="0.0" branch-rate="1.0">
							<lines>
								<line number="39" hits="0" branch="false"/>
								<line number="40" hits="0" branch="false"/>
							</lines>
						</method>
						<method name="getListenerType" signature="()Ljava/lang/Class;" line-rate="0.0" branch-rate="1.0">
							<lines>
								<line number="44" hits="0" branch="false"/>
							</lines>
						</method>
						<method name="getRemoveMethodName" signature="()Ljava/lang/String;" line-rate="0.0" branch-rate="1.0">
							<lines>
								<line number="54" hits="0" branch="false"/>
							</lines>
						</method>
						<method name="getWeakListener" signature="()Ljava/beans/PropertyChangeListener;" line-rate="0.0" branch-rate="1.0">
							<lines>
								<line number="49" hits="0" branch="false"/>
							</lines>
						</method>
						<method name="getWeakListener" signature="()Ljava/lang/Object;" line-rate="0.0" branch-rate="1.0">
							<lines>
								<line number="36" hits="0" branch="false"/>
							</lines>
						</method>
						<method name="propertyChange" signature="(Ljava/beans/PropertyChangeEvent;)V" line-rate="0.0" branch-rate="0.0">
							<lines>
								<line number="58" hits="0" branch="false"/>
								<line number="59" hits="0" branch="true" condition-coverage="0% (0/2)">
									<conditions>
										<condition number="0" type="jump" coverage="0%"/>
									</conditions>
								</line>
								<line number="60" hits="0" branch="false"/>
								<line number="62" hits="0" branch="false"/>
								<line number="63" hits="0" branch="false"/>
							</lines>
						</method>
						<method name="remove" signature="(Ljava/lang/Object;)V" line-rate="1.0" branch-rate="1.0">
							<lines>
							</lines>
						</method>
					</methods>
					<lines>
						<line number="36" hits="0" branch="false"/>
						<line number="39" hits="0" branch="false"/>
						<line number="40" hits="0" branch="false"/>
						<line number="44" hits="0" branch="false"/>
						<line number="49" hits="0" branch="false"/>
						<line number="54" hits="0" branch="false"/>
						<line number="58" hits="0" branch="false"/>
						<line number="59" hits="0" branch="true" condition-coverage="0% (0/2)">
							<conditions>
								<condition number="0" type="jump" coverage="0%"/>
							</conditions>
						</line>
						<line number="60" hits="0" branch="false"/>
						<line number="62" hits="0" branch="false"/>
						<line number="63" hits="0" branch="false"/>
					</lines>
				</class>
				<class name="org.anarres.weaklistener.core.WeakListenerImpl$Proxy" filename="org/anarres/weaklistener/core/WeakListenerImpl.java" line-rate="0.8620689655172413" branch-rate="0.7777777777777778" complexity="2.1578947368421053">
					<methods>
						<method name="&lt;init&gt;" signature="(Ljava/lang/Object;Ljava/lang/Class;Ljava/util/EventListener;)V" line-rate="1.0" branch-rate="1.0">
							<lines>
								<line number="103" hits="3" branch="false"/>
								<line number="104" hits="3" branch="false"/>
								<line number="105" hits="3" branch="false"/>
								<line number="106" hits="3" branch="false"/>
								<line number="107" hits="3" branch="false"/>
							</lines>
						</method>
						<method name="equals" signature="(Ljava/lang/Object;)Z" line-rate="1.0" branch-rate="0.5">
							<lines>
								<line number="157" hits="4" branch="true" condition-coverage="50% (2/4)">
									<conditions>
										<condition number="0" type="jump" coverage="50%"/>
										<condition number="1" type="jump" coverage="50%"/>
									</conditions>
								</line>
							</lines>
						</method>
						<method name="getListenerType" signature="()Ljava/lang/Class;" line-rate="1.0" branch-rate="1.0">
							<lines>
								<line number="111" hits="4" branch="false"/>
							</lines>
						</method>
						<method name="getRemoveMethodName" signature="()Ljava/lang/String;" line-rate="1.0" branch-rate="1.0">
							<lines>
								<line number="121" hits="4" branch="false"/>
							</lines>
						</method>
						<method name="getWeakListener" signature="()Ljava/lang/Object;" line-rate="1.0" branch-rate="1.0">
							<lines>
								<line number="96" hits="8" branch="false"/>
							</lines>
						</method>
						<method name="getWeakListener" signature="()Ljava/util/EventListener;" line-rate="1.0" branch-rate="1.0">
							<lines>
								<line number="116" hits="7" branch="false"/>
							</lines>
						</method>
						<method name="hashCode" signature="()I" line-rate="0.0" branch-rate="1.0">
							<lines>
								<line number="152" hits="0" branch="false"/>
							</lines>
						</method>
						<method name="invoke" signature="(Ljava/lang/Object;Ljava/lang/reflect/Method;[Ljava/lang/Object;)Ljava/lang/Object;" line-rate="0.8333333333333334" branch-rate="0.8571428571428571">
							<lines>
								<line number="127" hits="10" branch="true" condition-coverage="100% (2/2)">
									<conditions>
										<condition number="0" type="jump" coverage="100%"/>
									</conditions>
								</line>
								<line number="128" hits="4" branch="false"/>
								<line number="129" hits="6" branch="true" condition-coverage="50% (1/2)">
									<conditions>
										<condition number="0" type="jump" coverage="50%"/>
									</conditions>
								</line>
								<line number="130" hits="0" branch="false"/>
								<line number="132" hits="6" branch="true" condition-coverage="75% (3/4)">
									<conditions>
										<condition number="0" type="jump" coverage="100%"/>
										<condition number="1" type="jump" coverage="50%"/>
									</conditions>
								</line>
								<line number="133" hits="2" branch="false"/>
								<line number="134" hits="4" branch="true" condition-coverage="100% (2/2)">
									<conditions>
										<condition number="0" type="jump" coverage="100%"/>
									</conditions>
								</line>
								<line number="135" hits="2" branch="false"/>
								<line number="137" hits="2" branch="false"/>
								<line number="138" hits="6" branch="false"/>
								<line number="139" hits="6" branch="true" condition-coverage="100% (2/2)">
									<conditions>
										<condition number="0" type="jump" coverage="100%"/>
									</conditions>
								</line>
								<line number="140" hits="3" branch="false"/>
								<line number="141" hits="3" branch="false"/>
								<line number="142" hits="3" branch="true" condition-coverage="100% (2/2)">
									<conditions>
										<condition number="0" type="jump" coverage="100%"/>
									</conditions>
								</line>
								<line number="143" hits="1" branch="false"/>
								<line number="144" hits="3" branch="false"/>
								<line number="145" hits="0" branch="false"/>
								<line number="146" hits="0" branch="false"/>
							</lines>
						</method>
						<method name="remove" signature="(Ljava/lang/Object;)V" line-rate="1.0" branch-rate="1.0">
							<lines>
							</lines>
						</method>
					</methods>
					<lines>
						<line number="96" hits="8" branch="false"/>
						<line number="103" hits="3" branch="false"/>
						<line number="104" hits="3" branch="false"/>
						<line number="105" hits="3" branch="false"/>
						<line number="106" hits="3" branch="false"/>
						<line number="107" hits="3" branch="false"/>
						<line number="111" hits="4" branch="false"/>
						<line number="116" hits="7" branch="false"/>
						<line number="121" hits="4" branch="false"/>
						<line number="127" hits="10" branch="true" condition-coverage="100% (2/2)">
							<conditions>
								<condition number="0" type="jump" coverage="100%"/>
							</conditions>
						</line>
						<line number="128" hits="4" branch="false"/>
						<line number="129" hits="6" branch="true" condition-coverage="50% (1/2)">
							<conditions>
								<condition number="0" type="jump" coverage="50%"/>
							</conditions>
						</line>
						<line number="130" hits="0" branch="false"/>
						<line number="132" hits="6" branch="true" condition-coverage="75% (3/4)">
							<conditions>
								<condition number="0" type="jump" coverage="100%"/>
								<condition number="1" type="jump" coverage="50%"/>
							</conditions>
						</line>
						<line number="133" hits="2" branch="false"/>
						<line number="134" hits="4" branch="true" condition-coverage="100% (2/2)">
							<conditions>
								<condition number="0" type="jump" coverage="100%"/>
							</conditions>
						</line>
						<line number="135" hits="2" branch="false"/>
						<line number="137" hits="2" branch="false"/>
						<line number="138" hits="6" branch="false"/>
						<line number="139" hits="6" branch="true" condition-coverage="100% (2/2)">
							<conditions>
								<condition number="0" type="jump" coverage="100%"/>
							</conditions>
						</line>
						<line number="140" hits="3" branch="false"/>
						<line number="141" hits="3" branch="false"/>
						<line number="142" hits="3" branch="true" condition-coverage="100% (2/2)">
							<conditions>
								<condition number="0" type="jump" coverage="100%"/>
							</conditions>
						</line>
						<line number="143" hits="1" branch="false"/>
						<line number="144" hits="3" branch="false"/>
						<line number="145" hits="0" branch="false"/>
						<line number="146" hits="0" branch="false"/>
						<line number="152" hits="0" branch="false"/>
						<line number="157" hits="4" branch="true" condition-coverage="50% (2/4)">
							<conditions>
								<condition number="0" type="jump" coverage="50%"/>
								<condition number="1" type="jump" coverage="50%"/>
							</conditions>
						</line>
					</lines>
				</class>
				<class name="org.anarres.weaklistener.core.WeakListenerReference" filename="org/anarres/weaklistener/core/WeakListenerReference.java" line-rate="0.9230769230769231" branch-rate="0.5" complexity="1.4">
					<methods>
						<method name="&lt;clinit&gt;" signature="()V" line-rate="1.0" branch-rate="1.0">
							<lines>
								<line number="18" hits="1" branch="false"/>
							</lines>
						</method>
						<method name="&lt;init&gt;" signature="(Lorg/anarres/weaklistener/core/WeakListener;Ljava/lang/Object;Ljava/lang/Object;Ljava/lang/ref/ReferenceQueue;)V" line-rate="1.0" branch-rate="1.0">
							<lines>
								<line number="34" hits="8" branch="false"/>
								<line number="35" hits="8" branch="false"/>
								<line number="36" hits="8" branch="false"/>
								<line number="37" hits="8" branch="false"/>
							</lines>
						</method>
						<method name="getExecutor" signature="()Ljava/util/concurrent/Executor;" line-rate="1.0" branch-rate="1.0">
							<lines>
								<line number="51" hits="8" branch="false"/>
							</lines>
						</method>
						<method name="getSource" signature="()Ljava/lang/Object;" line-rate="1.0" branch-rate="1.0">
							<lines>
								<line number="41" hits="9" branch="false"/>
							</lines>
						</method>
						<method name="getStrongListener" signature="()Ljava/lang/Object;" line-rate="1.0" branch-rate="1.0">
							<lines>
								<line number="46" hits="18" branch="false"/>
							</lines>
						</method>
						<method name="run" signature="()V" line-rate="0.8" branch-rate="0.5">
							<lines>
								<line number="56" hits="8" branch="false"/>
								<line number="57" hits="8" branch="true" condition-coverage="50% (1/2)">
									<conditions>
										<condition number="0" type="jump" coverage="50%"/>
									</conditions>
								</line>
								<line number="58" hits="0" branch="false"/>
								<line number="59" hits="8" branch="false"/>
								<line number="60" hits="8" branch="false"/>
							</lines>
						</method>
					</methods>
					<lines>
						<line number="18" hits="1" branch="false"/>
						<line number="34" hits="8" branch="false"/>
						<line number="35" hits="8" branch="false"/>
						<line number="36" hits="8" branch="false"/>
						<line number="37" hits="8" branch="false"/>
						<line number="41" hits="9" branch="false"/>
						<line number="46" hits="18" branch="false"/>
						<line number="51" hits="8" branch="false"/>
						<line number="56" hits="8" branch="false"/>
						<line number="57" hits="8" branch="true" condition-coverage="50% (1/2)">
							<conditions>
								<condition number="0" type="jump" coverage="50%"/>
							</conditions>
						</line>
						<line number="58" hits="0" branch="false"/>
						<line number="59" hits="8" branch="false"/>
						<line number="60" hits="8" branch="false"/>
					</lines>
				</class>
				<class name="org.anarres.weaklistener.core.WeakListenerReferenceQueue" filename="org/anarres/weaklistener/core/WeakListenerReferenceQueue.java" line-rate="0.7307692307692307" branch-rate="0.8333333333333334" complexity="2.5">
					<methods>
						<method name="&lt;clinit&gt;" signature="()V" line-rate="1.0" branch-rate="1.0">
							<lines>
								<line number="18" hits="1" branch="false"/>
								<line number="36" hits="1" branch="false"/>
							</lines>
						</method>
						<method name="&lt;init&gt;" signature="()V" line-rate="1.0" branch-rate="1.0">
							<lines>
								<line number="16" hits="1" branch="false"/>
								<line number="29" hits="1" branch="false"/>
							</lines>
						</method>
						<method name="getInstance" signature="()Lorg/anarres/weaklistener/core/WeakListenerReferenceQueue;" line-rate="0.8888888888888888" branch-rate="1.0">
							<lines>
								<line number="40" hits="8" branch="false"/>
								<line number="41" hits="8" branch="true" condition-coverage="100% (2/2)">
									<conditions>
										<condition number="0" type="jump" coverage="100%"/>
									</conditions>
								</line>
								<line number="42" hits="8" branch="true" condition-coverage="100% (2/2)">
									<conditions>
										<condition number="0" type="jump" coverage="100%"/>
									</conditions>
								</line>
								<line number="43" hits="1" branch="false"/>
								<line number="44" hits="1" branch="false"/>
								<line number="45" hits="1" branch="false"/>
								<line number="46" hits="1" branch="false"/>
								<line number="48" hits="8" branch="false"/>
								<line number="49" hits="0" branch="false"/>
							</lines>
						</method>
						<method name="run" signature="()V" line-rate="0.5384615384615384" branch-rate="0.5">
							<lines>
								<line number="56" hits="9" branch="false"/>
								<line number="58" hits="8" branch="false"/>
								<line number="59" hits="8" branch="true" condition-coverage="50% (1/2)">
									<conditions>
										<condition number="0" type="jump" coverage="50%"/>
									</conditions>
								</line>
								<line number="60" hits="8" branch="false"/>
								<line number="62" hits="0" branch="false"/>
								<line number="63" hits="0" branch="false"/>
								<line number="64" hits="0" branch="false"/>
								<line number="66" hits="8" branch="false"/>
								<line number="67" hits="8" branch="false"/>
								<line number="68" hits="8" branch="false"/>
								<line number="69" hits="0" branch="false"/>
								<line number="70" hits="0" branch="false"/>
								<line number="72" hits="0" branch="false"/>
							</lines>
						</method>
					</methods>
					<lines>
						<line number="16" hits="1" branch="false"/>
						<line number="18" hits="1" branch="false"/>
						<line number="29" hits="1" branch="false"/>
						<line number="36" hits="1" branch="false"/>
						<line number="40" hits="8" branch="false"/>
						<line number="41" hits="8" branch="true" condition-coverage="100% (2/2)">
							<conditions>
								<condition number="0" type="jump" coverage="100%"/>
							</conditions>
						</line>
						<line number="42" hits="8" branch="true" condition-coverage="100% (2/2)">
							<conditions>
								<condition number="0" type="jump" coverage="100%"/>
							</conditions>
						</line>
						<line number="43" hits="1" branch="false"/>
						<line number="44" hits="1" branch="false"/>
						<line number="45" hits="1" branch="false"/>
						<line number="46" hits="1" branch="false"/>
						<line number="48" hits="8" branch="false"/>
						<line number="49" hits="0" branch="false"/>
						<line number="56" hits="9" branch="false"/>
						<line number="58" hits="8" branch="false"/>
						<line number="59" hits="8" branch="true" condition-coverage="50% (1/2)">
							<conditions>
								<condition number="0" type="jump" coverage="50%"/>
							</conditions>
						</line>
						<line number="60" hits="8" branch="false"/>
						<line number="62" hits="0" branch="false"/>
						<line number="63" hits="0" branch="false"/>
						<line number="64" hits="0" branch="false"/>
						<line number="66" hits="8" branch="false"/>
						<line number="67" hits="8" branch="false"/>
						<line number="68" hits="8" branch="false"/>
						<line number="69" hits="0" branch="false"/>
						<line number="70" hits="0" branch="false"/>
						<line number="72" hits="0" branch="false"/>
					</lines>
				</class>
				<class name="org.anarres.weaklistener.core.WeakListenerReferenceQueue$CollectorThread" filename="org/anarres/weaklistener/core/WeakListenerReferenceQueue.java" line-rate="1.0" branch-rate="1.0" complexity="2.5">
					<methods>
						<method name="&lt;init&gt;" signature="(Lorg/anarres/weaklistener/core/WeakListenerReferenceQueue;)V" line-rate="1.0" branch-rate="1.0">
							<lines>
								<line number="24" hits="1" branch="false"/>
								<line number="25" hits="1" branch="false"/>
								<line number="26" hits="1" branch="false"/>
							</lines>
						</method>
					</methods>
					<lines>
						<line number="24" hits="1" branch="false"/>
						<line number="25" hits="1" branch="false"/>
						<line number="26" hits="1" branch="false"/>
					</lines>
				</class>
				<class name="org.anarres.weaklistener.core.WeakListenerReferenceQueue$Entry" filename="org/anarres/weaklistener/core/WeakListenerReferenceQueue.java" line-rate="1.0" branch-rate="1.0" complexity="2.5">
					<methods>
					</methods>
					<lines>
					</lines>
				</class>
				<class name="org.anarres.weaklistener.core.WeakListenerUtils" filename="org/anarres/weaklistener/core/WeakListenerUtils.java" line-rate="0.875" branch-rate="0.7142857142857143" complexity="4.5">
					<methods>
						<method name="&lt;init&gt;" signature="()V" line-rate="0.0" branch-rate="1.0">
							<lines>
								<line number="13" hits="0" branch="false"/>
							</lines>
						</method>
						<method name="isEqualsMethod" signature="(Ljava/lang/reflect/Method;)Z" line-rate="1.0" branch-rate="0.625">
							<lines>
								<line number="20" hits="10" branch="true" condition-coverage="75% (3/4)">
									<conditions>
										<condition number="0" type="jump" coverage="50%"/>
										<condition number="1" type="jump" coverage="100%"/>
									</conditions>
								</line>
								<line number="21" hits="6" branch="false"/>
								<line number="23" hits="4" branch="false"/>
								<line number="24" hits="4" branch="true" condition-coverage="50% (2/4)">
									<conditions>
										<condition number="0" type="jump" coverage="50%"/>
										<condition number="1" type="jump" coverage="50%"/>
									</conditions>
								</line>
							</lines>
						</method>
						<method name="makeAccessible" signature="(Ljava/lang/reflect/Method;)V" line-rate="1.0" branch-rate="0.8333333333333334">
							<lines>
								<line number="36" hits="14" branch="true" condition-coverage="83% (5/6)">
									<conditions>
										<condition number="0" type="jump" coverage="100%"/>
										<condition number="1" type="jump" coverage="100%"/>
										<condition number="2" type="jump" coverage="50%"/>
									</conditions>
								</line>
								<line number="38" hits="2" branch="false"/>
								<line number="40" hits="14" branch="false"/>
							</lines>
						</method>
					</methods>
					<lines>
						<line number="13" hits="0" branch="false"/>
						<line number="20" hits="10" branch="true" condition-coverage="75% (3/4)">
							<conditions>
								<condition number="0" type="jump" coverage="50%"/>
								<condition number="1" type="jump" coverage="100%"/>
							</conditions>
						</line>
						<line number="21" hits="6" branch="false"/>
						<line number="23" hits="4" branch="false"/>
						<line number="24" hits="4" branch="true" condition-coverage="50% (2/4)">
							<conditions>
								<condition number="0" type="jump" coverage="50%"/>
								<condition number="1" type="jump" coverage="50%"/>
							</conditions>
						</line>
						<line number="36" hits="14" branch="true" condition-coverage="83% (5/6)">
							<conditions>
								<condition number="0" type="jump" coverage="100%"/>
								<condition number="1" type="jump" coverage="100%"/>
								<condition number="2" type="jump" coverage="50%"/>
							</conditions>
						</line>
						<line number="38" hits="2" branch="false"/>
						<line number="40" hits="14" branch="false"/>
					</lines>
				</class>
				<class name="org.anarres.weaklistener.core.WeakListeners" filename="org/anarres/weaklistener/core/WeakListeners.java" line-rate="0.6" branch-rate="1.0" complexity="1.0">
					<methods>
						<method name="&lt;init&gt;" signature="()V" line-rate="0.0" branch-rate="1.0">
							<lines>
								<line number="12" hits="0" branch="false"/>
							</lines>
						</method>
						<method name="change" signature="(Ljava/lang/Object;Ljavax/swing/event/ChangeListener;)Ljavax/swing/event/ChangeListener;" line-rate="1.0" branch-rate="1.0">
							<lines>
								<line number="22" hits="5" branch="false"/>
							</lines>
						</method>
						<method name="create" signature="(Ljava/lang/Object;Ljava/lang/Class;Ljava/util/EventListener;)Ljava/util/EventListener;" line-rate="1.0" branch-rate="1.0">
							<lines>
								<line number="16" hits="3" branch="false"/>
								<line number="17" hits="3" branch="false"/>
							</lines>
						</method>
						<method name="propertyChange" signature="(Ljava/lang/Object;Ljava/beans/PropertyChangeListener;)Ljava/beans/PropertyChangeListener;" line-rate="0.0" branch-rate="1.0">
							<lines>
								<line number="27" hits="0" branch="false"/>
							</lines>
						</method>
					</methods>
					<lines>
						<line number="12" hits="0" branch="false"/>
						<line number="16" hits="3" branch="false"/>
						<line number="17" hits="3" branch="false"/>
						<line number="22" hits="5" branch="false"/>
						<line number="27" hits="0" branch="false"/>
					</lines>
				</class>
			</classes>
		</package>
		<package name="org.anarres.weaklistener.executor" line-rate="0.0" branch-rate="0.0" complexity="5.0">
			<classes>
				<class name="org.anarres.weaklistener.executor.DirectExecutor" filename="org/anarres/weaklistener/executor/DirectExecutor.java" line-rate="0.0" branch-rate="1.0" complexity="1.0">
					<methods>
						<method name="&lt;clinit&gt;" signature="()V" line-rate="0.0" branch-rate="1.0">
							<lines>
								<line number="9" hits="0" branch="false"/>
								<line number="11" hits="0" branch="false"/>
							</lines>
						</method>
						<method name="&lt;init&gt;" signature="(Ljava/lang/String;I)V" line-rate="1.0" branch-rate="1.0">
							<lines>
							</lines>
						</method>
						<method name="execute" signature="(Ljava/lang/Runnable;)V" line-rate="0.0" branch-rate="1.0">
							<lines>
								<line number="15" hits="0" branch="false"/>
								<line number="16" hits="0" branch="false"/>
							</lines>
						</method>
						<method name="valueOf" signature="(Ljava/lang/String;)Lorg/anarres/weaklistener/executor/DirectExecutor;" line-rate="1.0" branch-rate="1.0">
							<lines>
							</lines>
						</method>
						<method name="values" signature="()[Lorg/anarres/weaklistener/executor/DirectExecutor;" line-rate="1.0" branch-rate="1.0">
							<lines>
							</lines>
						</method>
					</methods>
					<lines>
						<line number="9" hits="0" branch="false"/>
						<line number="11" hits="0" branch="false"/>
						<line number="15" hits="0" branch="false"/>
						<line number="16" hits="0" branch="false"/>
					</lines>
				</class>
				<class name="org.anarres.weaklistener.executor.SwingExecutor" filename="org/anarres/weaklistener/executor/SwingExecutor.java" line-rate="0.0" branch-rate="0.0" complexity="9.0">
					<methods>
						<method name="&lt;clinit&gt;" signature="()V" line-rate="0.0" branch-rate="1.0">
							<lines>
								<line number="11" hits="0" branch="false"/>
								<line number="13" hits="0" branch="false"/>
							</lines>
						</method>
						<method name="&lt;init&gt;" signature="(Ljava/lang/String;I)V" line-rate="1.0" branch-rate="1.0">
							<lines>
							</lines>
						</method>
						<method name="execute" signature="(Ljava/lang/Runnable;)V" line-rate="0.0" branch-rate="0.0">
							<lines>
								<line number="18" hits="0" branch="false"/>
								<line number="19" hits="0" branch="false"/>
								<line number="20" hits="0" branch="false"/>
								<line number="21" hits="0" branch="false"/>
								<line number="22" hits="0" branch="false"/>
								<line number="23" hits="0" branch="true" condition-coverage="0% (0/2)">
									<conditions>
										<condition number="0" type="jump" coverage="0%"/>
									</conditions>
								</line>
								<line number="24" hits="0" branch="false"/>
								<line number="25" hits="0" branch="true" condition-coverage="0% (0/2)">
									<conditions>
										<condition number="0" type="jump" coverage="0%"/>
									</conditions>
								</line>
								<line number="26" hits="0" branch="false"/>
								<line number="27" hits="0" branch="false"/>
								<line number="28" hits="0" branch="false"/>
								<line number="29" hits="0" branch="false"/>
							</lines>
						</method>
						<method name="valueOf" signature="(Ljava/lang/String;)Lorg/anarres/weaklistener/executor/SwingExecutor;" line-rate="1.0" branch-rate="1.0">
							<lines>
							</lines>
						</method>
						<method name="values" signature="()[Lorg/anarres/weaklistener/executor/SwingExecutor;" line-rate="1.0" branch-rate="1.0">
							<lines>
							</lines>
						</method>
					</methods>
					<lines>
						<line number="11" hits="0" branch="false"/>
						<line number="13" hits="0" branch="false"/>
						<line number="18" hits="0" branch="false"/>
						<line number="19" hits="0" branch="false"/>
						<line number="20" hits="0" branch="false"/>
						<line number="21" hits="0" branch="false"/>
						<line number="22" hits="0" branch="false"/>
						<line number="23" hits="0" branch="true" condition-coverage="0% (0/2)">
							<conditions>
								<condition number="0" type="jump" coverage="0%"/>
							</conditions>
						</line>
						<line number="24" hits="0" branch="false"/>
						<line number="25" hits="0" branch="true" condition-coverage="0% (0/2)">
							<conditions>
								<condition number="0" type="jump" coverage="0%"/>
							</conditions>
						</line>
						<line number="26" hits="0" branch="false"/>
						<line number="27" hits="0" branch="false"/>
						<line number="28" hits="0" branch="false"/>
						<line number="29" hits="0" branch="false"/>
					</lines>
				</class>
			</classes>
		</package>
	</packages>
</coverage>
